build/app/intermediates/manifest_merge_blame_file/release/manifest-merger-blame-release-report.txt
1<?xml version="1.0" encoding="utf-8"?>
2<manifest xmlns:android="http://schemas.android.com/apk/res/android"
3    package="com.example.mr_worker"
4    android:versionCode="1"
5    android:versionName="1.0.0" >
6
7    <uses-sdk
8        android:minSdkVersion="16"
8-->src/main/AndroidManifest.xml
9        android:targetSdkVersion="31" />
9-->src/main/AndroidManifest.xml
10
11    <uses-permission android:name="android.permission.ACCESS_FINE_LOCATION" />
11-->src/main/AndroidManifest.xml:3:5-79
11-->src/main/AndroidManifest.xml:3:22-76
12    <uses-permission android:name="android.permission.INTERNET" />
12-->src/main/AndroidManifest.xml:4:5-67
12-->src/main/AndroidManifest.xml:4:22-64
13    <uses-permission android:name="android.permission.ACCESS_COARSE_LOCATION" />
13-->src/main/AndroidManifest.xml:5:5-81
13-->src/main/AndroidManifest.xml:5:22-78
14    <uses-permission android:name="android.permission.FOREGROUND_SERVICE" />
14-->[:geolocator_android] AndroidManifest.xml:9:5-77
14-->[:geolocator_android] AndroidManifest.xml:9:22-74
15    <uses-permission android:name="android.permission.CALL_PHONE" />
15-->[:flutter_phone_direct_caller] AndroidManifest.xml:9:5-69
15-->[:flutter_phone_direct_caller] AndroidManifest.xml:9:22-66
16
17    <uses-feature
17-->[:flutter_phone_direct_caller] AndroidManifest.xml:11:5-13:36
18        android:name="android.hardware.telephony"
18-->[:flutter_phone_direct_caller] AndroidManifest.xml:12:9-50
19        android:required="false" />
19-->[:flutter_phone_direct_caller] AndroidManifest.xml:13:9-33
20
21    <application
22        android:name="android.app.Application"
22-->src/main/AndroidManifest.xml:8:9-42
23        android:appComponentFactory="androidx.core.app.CoreComponentFactory"
23-->[androidx.core:core:1.8.0] AndroidManifest.xml:24:18-86
24        android:icon="@mipmap/ic_launcher"
24-->src/main/AndroidManifest.xml:9:9-43
25        android:label="mr_worker" >
25-->src/main/AndroidManifest.xml:7:9-34
26        <activity
26-->src/main/AndroidManifest.xml:10:9-30:20
27            android:name="com.example.mr_worker.MainActivity"
27-->src/main/AndroidManifest.xml:11:13-41
28            android:configChanges="orientation|keyboardHidden|keyboard|screenSize|smallestScreenSize|locale|layoutDirection|fontScale|screenLayout|density|uiMode"
28-->src/main/AndroidManifest.xml:15:13-163
29            android:exported="true"
29-->src/main/AndroidManifest.xml:12:13-36
30            android:hardwareAccelerated="true"
30-->src/main/AndroidManifest.xml:16:13-47
31            android:launchMode="singleTop"
31-->src/main/AndroidManifest.xml:13:13-43
32            android:theme="@style/LaunchTheme"
32-->src/main/AndroidManifest.xml:14:13-47
33            android:windowSoftInputMode="adjustResize" >
33-->src/main/AndroidManifest.xml:17:13-55
34
35            <!--
36                 Specifies an Android theme to apply to this Activity as soon as
37                 the Android process has started. This theme is visible to the user
38                 while the Flutter UI initializes. After that, this theme continues
39                 to determine the Window background behind the Flutter UI.
40            -->
41            <meta-data
41-->src/main/AndroidManifest.xml:22:13-25:17
42                android:name="io.flutter.embedding.android.NormalTheme"
42-->src/main/AndroidManifest.xml:23:15-70
43                android:resource="@style/NormalTheme" />
43-->src/main/AndroidManifest.xml:24:15-52
44
45            <intent-filter>
45-->src/main/AndroidManifest.xml:26:13-29:29
46                <action android:name="android.intent.action.MAIN" />
46-->src/main/AndroidManifest.xml:27:17-68
46-->src/main/AndroidManifest.xml:27:25-66
47
48                <category android:name="android.intent.category.LAUNCHER" />
48-->src/main/AndroidManifest.xml:28:17-76
48-->src/main/AndroidManifest.xml:28:27-74
49            </intent-filter>
50        </activity>
51        <activity
51-->src/main/AndroidManifest.xml:32:8-35:70
52            android:name="com.yalantis.ucrop.UCropActivity"
52-->src/main/AndroidManifest.xml:33:12-59
53            android:screenOrientation="portrait"
53-->src/main/AndroidManifest.xml:34:12-48
54            android:theme="@style/Theme.AppCompat.Light.NoActionBar" />
54-->src/main/AndroidManifest.xml:35:12-68
55        <!--
56             Don't delete the meta-data below.
57             This is used by the Flutter tool to generate GeneratedPluginRegistrant.java
58        -->
59        <meta-data
59-->src/main/AndroidManifest.xml:38:9-40:33
60            android:name="flutterEmbedding"
60-->src/main/AndroidManifest.xml:39:13-44
61            android:value="2" />
61-->src/main/AndroidManifest.xml:40:13-30
62
63        <service
63-->[:geolocator_android] AndroidManifest.xml:12:9-16:56
64            android:name="com.baseflow.geolocator.GeolocatorLocationService"
64-->[:geolocator_android] AndroidManifest.xml:13:13-77
65            android:enabled="true"
65-->[:geolocator_android] AndroidManifest.xml:14:13-35
66            android:exported="false"
66-->[:geolocator_android] AndroidManifest.xml:15:13-37
67            android:foregroundServiceType="location" />
67-->[:geolocator_android] AndroidManifest.xml:16:13-53
68
69        <provider
69-->[:image_picker_android] AndroidManifest.xml:10:9-18:20
70            android:name="io.flutter.plugins.imagepicker.ImagePickerFileProvider"
70-->[:image_picker_android] AndroidManifest.xml:11:13-82
71            android:authorities="com.example.mr_worker.flutter.image_provider"
71-->[:image_picker_android] AndroidManifest.xml:12:13-74
72            android:exported="false"
72-->[:image_picker_android] AndroidManifest.xml:13:13-37
73            android:grantUriPermissions="true" >
73-->[:image_picker_android] AndroidManifest.xml:14:13-47
74            <meta-data
74-->[:image_picker_android] AndroidManifest.xml:15:13-17:75
75                android:name="android.support.FILE_PROVIDER_PATHS"
75-->[:image_picker_android] AndroidManifest.xml:16:17-67
76                android:resource="@xml/flutter_image_picker_file_paths" />
76-->[:image_picker_android] AndroidManifest.xml:17:17-72
77        </provider>
78
79        <activity
79-->[:url_launcher_android] AndroidManifest.xml:10:9-13:74
80            android:name="io.flutter.plugins.urllauncher.WebViewActivity"
80-->[:url_launcher_android] AndroidManifest.xml:11:13-74
81            android:exported="false"
81-->[:url_launcher_android] AndroidManifest.xml:12:13-37
82            android:theme="@android:style/Theme.NoTitleBar.Fullscreen" />
82-->[:url_launcher_android] AndroidManifest.xml:13:13-71
83
84        <service
84-->[:location] AndroidManifest.xml:13:9-17:56
85            android:name="com.lyokone.location.FlutterLocationService"
85-->[:location] AndroidManifest.xml:14:13-71
86            android:enabled="true"
86-->[:location] AndroidManifest.xml:15:13-35
87            android:exported="false"
87-->[:location] AndroidManifest.xml:16:13-37
88            android:foregroundServiceType="location" />
88-->[:location] AndroidManifest.xml:17:13-53
89
90        <uses-library
90-->[androidx.window:window:1.0.0-beta04] AndroidManifest.xml:25:9-27:40
91            android:name="androidx.window.extensions"
91-->[androidx.window:window:1.0.0-beta04] AndroidManifest.xml:26:13-54
92            android:required="false" />
92-->[androidx.window:window:1.0.0-beta04] AndroidManifest.xml:27:13-37
93        <uses-library
93-->[androidx.window:window:1.0.0-beta04] AndroidManifest.xml:28:9-30:40
94            android:name="androidx.window.sidecar"
94-->[androidx.window:window:1.0.0-beta04] AndroidManifest.xml:29:13-51
95            android:required="false" />
95-->[androidx.window:window:1.0.0-beta04] AndroidManifest.xml:30:13-37
96
97        <activity
97-->[com.google.android.gms:play-services-base:17.0.0] AndroidManifest.xml:23:9-26:75
98            android:name="com.google.android.gms.common.api.GoogleApiActivity"
98-->[com.google.android.gms:play-services-base:17.0.0] AndroidManifest.xml:24:13-79
99            android:exported="false"
99-->[com.google.android.gms:play-services-base:17.0.0] AndroidManifest.xml:25:13-37
100            android:theme="@android:style/Theme.Translucent.NoTitleBar" />
100-->[com.google.android.gms:play-services-base:17.0.0] AndroidManifest.xml:26:13-72
101
102        <meta-data
102-->[com.google.android.gms:play-services-basement:17.0.0] AndroidManifest.xml:23:9-25:69
103            android:name="com.google.android.gms.version"
103-->[com.google.android.gms:play-services-basement:17.0.0] AndroidManifest.xml:24:13-58
104            android:value="@integer/google_play_services_version" />
104-->[com.google.android.gms:play-services-basement:17.0.0] AndroidManifest.xml:25:13-66
105    </application>
106
107</manifest>